0 info it worked if it ends with ok
1 verbose cli [ '/Users/582148/side/spring-react/src/ui/node/node',
1 verbose cli   '/Users/582148/side/spring-react/src/ui/node/node_modules/npm/bin/npm-cli.js',
1 verbose cli   'run',
1 verbose cli   'build',
1 verbose cli   '--color=false' ]
2 info using npm@3.5.3
3 info using node@v4.2.1
4 verbose config Skipping project config: /Users/582148/.npmrc. (matches userconfig)
5 verbose stack Error: ENOENT: no such file or directory, open '/Users/582148/package.json'
5 verbose stack     at Error (native)
6 verbose cwd /Users/582148/side/spring-react/src/ui
7 error Darwin 17.5.0
8 error argv "/Users/582148/side/spring-react/src/ui/node/node" "/Users/582148/side/spring-react/src/ui/node/node_modules/npm/bin/npm-cli.js" "run" "build" "--color=false"
9 error node v4.2.1
10 error npm  v3.5.3
11 error path /Users/582148/package.json
12 error code ENOENT
13 error errno -2
14 error syscall open
15 error enoent ENOENT: no such file or directory, open '/Users/582148/package.json'
16 error enoent ENOENT: no such file or directory, open '/Users/582148/package.json'
16 error enoent This is most likely not a problem with npm itself
16 error enoent and is related to npm not being able to find a file.
17 verbose exit [ -2, true ]
